  [1m[35m (0.1ms)[0m  [1m[34mSELECT sqlite_version(*)[0m
  [1m[35m (4.7ms)[0m  [1m[35mCREATE TABLE "schema_migrations" ("version" varchar NOT NULL PRIMARY KEY)[0m
  [1m[35m (1.2ms)[0m  [1m[35mCREATE TABLE "ar_internal_metadata" ("key" varchar NOT NULL PRIMARY KEY, "value" varchar, "created_at" datetime NOT NULL, "updated_at" datetime NOT NULL)[0m
  [1m[35m (0.2ms)[0m  [1m[34mSELECT "schema_migrations"."version" FROM "schema_migrations" ORDER BY "schema_migrations"."version" ASC[0m
Migrating to CreateUsers (20171103184432)
  [1m[35m (0.6ms)[0m  [1m[36mbegin transaction[0m
  [1m[35m (0.5ms)[0m  [1m[35mCREATE TABLE "users" ("id" INTEGER PRIMARY KEY AUTOINCREMENT NOT NULL, "email" varchar NOT NULL, "created_at" datetime NOT NULL, "updated_at" datetime NOT NULL)[0m
  [1m[35m (0.1ms)[0m  [1m[35mCREATE UNIQUE INDEX "by_email" ON "users" ("email")[0m
  [1m[35mSQL (0.2ms)[0m  [1m[32mINSERT INTO "schema_migrations" ("version") VALUES (?)[0m  [["version", "20171103184432"]]
  [1m[35m (1.1ms)[0m  [1m[36mcommit transaction[0m
Migrating to CreateWallets (20171103185508)
  [1m[35m (0.0ms)[0m  [1m[36mbegin transaction[0m
  [1m[35m (0.4ms)[0m  [1m[35mCREATE TABLE "wallets" ("id" INTEGER PRIMARY KEY AUTOINCREMENT NOT NULL, "balance_cents" integer DEFAULT 0 NOT NULL, "balance_currency" varchar DEFAULT 'USD' NOT NULL, "user_id" integer NOT NULL, "created_at" datetime NOT NULL, "updated_at" datetime NOT NULL)[0m
  [1m[35mSQL (0.2ms)[0m  [1m[32mINSERT INTO "schema_migrations" ("version") VALUES (?)[0m  [["version", "20171103185508"]]
  [1m[35m (0.9ms)[0m  [1m[36mcommit transaction[0m
Migrating to CreateTransactions (20171103190622)
  [1m[35m (0.1ms)[0m  [1m[36mbegin transaction[0m
  [1m[35m (0.5ms)[0m  [1m[35mCREATE TABLE "transactions" ("id" INTEGER PRIMARY KEY AUTOINCREMENT NOT NULL, "user_id" integer NOT NULL, "amount_cents" integer DEFAULT 0 NOT NULL, "amount_currency" varchar DEFAULT 'USD' NOT NULL, "action" varchar NOT NULL, "category" varchar NOT NULL, "created_at" datetime NOT NULL, "updated_at" datetime NOT NULL)[0m
  [1m[35mSQL (0.2ms)[0m  [1m[32mINSERT INTO "schema_migrations" ("version") VALUES (?)[0m  [["version", "20171103190622"]]
  [1m[35m (0.7ms)[0m  [1m[36mcommit transaction[0m
Migrating to RemoveActionFromTransaction (20180302015735)
  [1m[35m (0.1ms)[0m  [1m[36mbegin transaction[0m
  [1m[35m (0.2ms)[0m  [1m[35mCREATE TEMPORARY TABLE "atransactions" ("id" INTEGER PRIMARY KEY AUTOINCREMENT NOT NULL, "user_id" integer NOT NULL, "amount_cents" integer DEFAULT 0 NOT NULL, "amount_currency" varchar DEFAULT 'USD' NOT NULL, "action" varchar NOT NULL, "category" varchar NOT NULL, "created_at" datetime NOT NULL, "updated_at" datetime NOT NULL)[0m
  [1m[35m (0.1ms)[0m  [1m[32mINSERT INTO "atransactions" ("id","user_id","amount_cents","amount_currency","action","category","created_at","updated_at")
                     SELECT "id","user_id","amount_cents","amount_currency","action","category","created_at","updated_at" FROM "transactions"[0m
  [1m[35m (0.5ms)[0m  [1m[35mDROP TABLE "transactions"[0m
  [1m[35m (0.2ms)[0m  [1m[35mCREATE TABLE "transactions" ("id" INTEGER PRIMARY KEY AUTOINCREMENT NOT NULL, "user_id" integer NOT NULL, "amount_cents" integer DEFAULT 0 NOT NULL, "amount_currency" varchar DEFAULT 'USD' NOT NULL, "category" varchar NOT NULL, "created_at" datetime NOT NULL, "updated_at" datetime NOT NULL)[0m
  [1m[35m (0.1ms)[0m  [1m[32mINSERT INTO "transactions" ("id","user_id","amount_cents","amount_currency","category","created_at","updated_at")
                     SELECT "id","user_id","amount_cents","amount_currency","category","created_at","updated_at" FROM "atransactions"[0m
  [1m[35m (0.1ms)[0m  [1m[35mDROP TABLE "atransactions"[0m
  [1m[35mSQL (0.2ms)[0m  [1m[32mINSERT INTO "schema_migrations" ("version") VALUES (?)[0m  [["version", "20180302015735"]]
  [1m[35m (1.0ms)[0m  [1m[36mcommit transaction[0m
  [1m[36mActiveRecord::InternalMetadata Load (0.1ms)[0m  [1m[34mSELECT  "ar_internal_metadata".* FROM "ar_internal_metadata" WHERE "ar_internal_metadata"."key" = ? LIMIT ?[0m  [["key", "environment"], ["LIMIT", 1]]
  [1m[35m (0.1ms)[0m  [1m[36mbegin transaction[0m
  [1m[35mSQL (0.4ms)[0m  [1m[32mINSERT INTO "ar_internal_metadata" ("key", "value", "created_at", "updated_at") VALUES (?, ?, ?, ?)[0m  [["key", "environment"], ["value", "development"], ["created_at", "2018-05-25 15:46:27.558477"], ["updated_at", "2018-05-25 15:46:27.558477"]]
  [1m[35m (0.8ms)[0m  [1m[36mcommit transaction[0m
  [1m[35m (0.1ms)[0m  [1m[34mSELECT "schema_migrations"."version" FROM "schema_migrations" ORDER BY "schema_migrations"."version" ASC[0m
  [1m[35m (0.1ms)[0m  [1m[34m            SELECT sql
            FROM sqlite_master
            WHERE name='by_email' AND type='index'
            UNION ALL
            SELECT sql
            FROM sqlite_temp_master
            WHERE name='by_email' AND type='index'
[0m
Started GET "/" for 127.0.0.1 at 2018-05-27 19:29:16 -0400
  [1m[35m (0.2ms)[0m  [1m[34mSELECT "schema_migrations"."version" FROM "schema_migrations" ORDER BY "schema_migrations"."version" ASC[0m
Processing by Rails::WelcomeController#index as HTML
  Rendering /Users/rrn/.rbenv/versions/2.4.2/lib/ruby/gems/2.4.0/gems/railties-5.1.4/lib/rails/templates/rails/welcome/index.html.erb
  Rendered /Users/rrn/.rbenv/versions/2.4.2/lib/ruby/gems/2.4.0/gems/railties-5.1.4/lib/rails/templates/rails/welcome/index.html.erb (4.7ms)
Completed 200 OK in 31ms (Views: 14.0ms | ActiveRecord: 0.0ms)


  [1m[35m (0.1ms)[0m  [1m[36mbegin transaction[0m
  [1m[35m (0.1ms)[0m  [1m[31mrollback transaction[0m
  [1m[35m (0.1ms)[0m  [1m[36mbegin transaction[0m
  [1m[35mSQL (1.6ms)[0m  [1m[32mINSERT INTO "users" ("email", "created_at", "updated_at") VALUES (?, ?, ?)[0m  [["email", "test@email.com"], ["created_at", "2018-05-27 23:34:35.678190"], ["updated_at", "2018-05-27 23:34:35.678190"]]
  [1m[35m (0.9ms)[0m  [1m[36mcommit transaction[0m
  [1m[36mWallet Load (0.5ms)[0m  [1m[34mSELECT "wallets".* FROM "wallets" WHERE "wallets"."user_id" = ?[0m  [["user_id", 1]]
  [1m[35m (0.3ms)[0m  [1m[36mbegin transaction[0m
  [1m[35mSQL (0.5ms)[0m  [1m[32mINSERT INTO "wallets" ("balance_cents", "user_id", "created_at", "updated_at") VALUES (?, ?, ?, ?)[0m  [["balance_cents", 1000], ["user_id", 1], ["created_at", "2018-05-27 23:35:35.537609"], ["updated_at", "2018-05-27 23:35:35.537609"]]
  [1m[35m (1.3ms)[0m  [1m[36mcommit transaction[0m
  [1m[35m (0.1ms)[0m  [1m[36mbegin transaction[0m
  [1m[35mSQL (0.6ms)[0m  [1m[32mINSERT INTO "wallets" ("balance_cents", "user_id", "created_at", "updated_at") VALUES (?, ?, ?, ?)[0m  [["balance_cents", 2000], ["user_id", 1], ["created_at", "2018-05-27 23:36:21.077334"], ["updated_at", "2018-05-27 23:36:21.077334"]]
  [1m[35m (1.3ms)[0m  [1m[36mcommit transaction[0m
  [1m[35m (0.1ms)[0m  [1m[36mbegin transaction[0m
  [1m[35mSQL (0.5ms)[0m  [1m[32mINSERT INTO "wallets" ("balance_cents", "balance_currency", "user_id", "created_at", "updated_at") VALUES (?, ?, ?, ?, ?)[0m  [["balance_cents", 2000], ["balance_currency", "cad"], ["user_id", 1], ["created_at", "2018-05-27 23:36:50.584997"], ["updated_at", "2018-05-27 23:36:50.584997"]]
  [1m[35m (4.4ms)[0m  [1m[36mcommit transaction[0m
  [1m[35m (0.1ms)[0m  [1m[36mbegin transaction[0m
  [1m[35mSQL (1.4ms)[0m  [1m[33mUPDATE "wallets" SET "balance_currency" = ?, "updated_at" = ? WHERE "wallets"."id" = ?[0m  [["balance_currency", "CAD"], ["updated_at", "2018-05-27 23:37:37.190355"], ["id", 3]]
  [1m[35m (0.8ms)[0m  [1m[36mcommit transaction[0m
  [1m[35m (0.1ms)[0m  [1m[36mbegin transaction[0m
  [1m[35m (0.1ms)[0m  [1m[31mrollback transaction[0m
  [1m[35m (0.1ms)[0m  [1m[36mbegin transaction[0m
  [1m[35m (0.1ms)[0m  [1m[31mrollback transaction[0m
  [1m[36mUser Load (0.3ms)[0m  [1m[34mSELECT  "users".* FROM "users" ORDER BY "users"."id" ASC LIMIT ?[0m  [["LIMIT", 1]]
  [1m[36mWallet Load (0.2ms)[0m  [1m[34mSELECT "wallets".* FROM "wallets" WHERE "wallets"."user_id" = ?[0m  [["user_id", 1]]
  [1m[36mUser Load (0.1ms)[0m  [1m[34mSELECT  "users".* FROM "users" ORDER BY "users"."id" ASC LIMIT ?[0m  [["LIMIT", 1]]
  [1m[36mUser Load (0.1ms)[0m  [1m[34mSELECT  "users".* FROM "users" ORDER BY "users"."id" ASC LIMIT ?[0m  [["LIMIT", 1]]
  [1m[36mUser Load (0.3ms)[0m  [1m[34mSELECT  "users".* FROM "users" ORDER BY "users"."id" ASC LIMIT ?[0m  [["LIMIT", 1]]
  [1m[36mUser Load (0.1ms)[0m  [1m[34mSELECT  "users".* FROM "users" ORDER BY "users"."id" ASC LIMIT ?[0m  [["LIMIT", 1]]
  [1m[36mUser Load (0.2ms)[0m  [1m[34mSELECT  "users".* FROM "users" ORDER BY "users"."id" ASC LIMIT ?[0m  [["LIMIT", 1]]
  [1m[36mUser Load (0.1ms)[0m  [1m[34mSELECT  "users".* FROM "users" ORDER BY "users"."id" ASC LIMIT ?[0m  [["LIMIT", 1]]
  [1m[36mUser Load (0.2ms)[0m  [1m[34mSELECT  "users".* FROM "users" ORDER BY "users"."id" ASC LIMIT ?[0m  [["LIMIT", 1]]
  [1m[36mUser Load (0.2ms)[0m  [1m[34mSELECT  "users".* FROM "users" ORDER BY "users"."id" ASC LIMIT ?[0m  [["LIMIT", 1]]
  [1m[35m (0.1ms)[0m  [1m[36mbegin transaction[0m
  [1m[35mSQL (0.6ms)[0m  [1m[32mINSERT INTO "transactions" ("user_id", "amount_cents", "category", "created_at", "updated_at") VALUES (?, ?, ?, ?, ?)[0m  [["user_id", 1], ["amount_cents", 212], ["category", "deposit"], ["created_at", "2018-05-28 04:29:07.904911"], ["updated_at", "2018-05-28 04:29:07.904911"]]
  [1m[35m (1.3ms)[0m  [1m[36mcommit transaction[0m
  [1m[35m (0.1ms)[0m  [1m[36mbegin transaction[0m
  [1m[35m (0.1ms)[0m  [1m[31mrollback transaction[0m
  [1m[35m (0.1ms)[0m  [1m[36mbegin transaction[0m
  [1m[35m (0.1ms)[0m  [1m[31mrollback transaction[0m
  [1m[35m (0.0ms)[0m  [1m[36mbegin transaction[0m
  [1m[35m (0.0ms)[0m  [1m[31mrollback transaction[0m
  [1m[36mUser Load (0.1ms)[0m  [1m[34mSELECT  "users".* FROM "users" ORDER BY "users"."id" ASC LIMIT ?[0m  [["LIMIT", 1]]
  [1m[36mTransaction Load (0.3ms)[0m  [1m[34mSELECT "transactions".* FROM "transactions" WHERE "transactions"."user_id" = ?[0m  [["user_id", 1]]
  [1m[36mTransaction Load (0.2ms)[0m  [1m[34mSELECT "transactions".* FROM "transactions" WHERE "transactions"."user_id" = ? AND "transactions"."category" = ?[0m  [["user_id", 1], ["category", "deposit"]]
  [1m[36mUser Load (0.3ms)[0m  [1m[34mSELECT  "users".* FROM "users" ORDER BY "users"."id" ASC LIMIT ?[0m  [["LIMIT", 1]]
  [1m[36mUser Load (0.3ms)[0m  [1m[34mSELECT  "users".* FROM "users" ORDER BY "users"."id" ASC LIMIT ?[0m  [["LIMIT", 1]]
  [1m[36mTransaction Load (0.3ms)[0m  [1m[34mSELECT "transactions".* FROM "transactions" WHERE "transactions"."user_id" = ?[0m  [["user_id", 1]]
  [1m[35m (0.1ms)[0m  [1m[36mbegin transaction[0m
  [1m[35mSQL (0.6ms)[0m  [1m[32mINSERT INTO "transactions" ("user_id", "amount_cents", "category", "created_at", "updated_at") VALUES (?, ?, ?, ?, ?)[0m  [["user_id", 1], ["amount_cents", 1000], ["category", "deposit"], ["created_at", "2018-05-28 18:30:43.514338"], ["updated_at", "2018-05-28 18:30:43.514338"]]
  [1m[35m (1.0ms)[0m  [1m[36mcommit transaction[0m
  [1m[35m (0.1ms)[0m  [1m[36mbegin transaction[0m
  [1m[35m (0.1ms)[0m  [1m[31mrollback transaction[0m
  [1m[36mTransaction Load (0.2ms)[0m  [1m[34mSELECT "transactions".* FROM "transactions" WHERE "transactions"."user_id" = ?[0m  [["user_id", 1]]
  [1m[36mUser Load (0.1ms)[0m  [1m[34mSELECT  "users".* FROM "users" ORDER BY "users"."id" ASC LIMIT ?[0m  [["LIMIT", 1]]
  [1m[36mTransaction Load (0.2ms)[0m  [1m[34mSELECT  "transactions".* FROM "transactions" ORDER BY "transactions"."id" ASC LIMIT ?[0m  [["LIMIT", 1]]
  [1m[36mTransaction Load (0.2ms)[0m  [1m[34mSELECT  "transactions".* FROM "transactions" ORDER BY "transactions"."id" ASC LIMIT ?[0m  [["LIMIT", 1]]
  [1m[36mTransaction Load (0.2ms)[0m  [1m[34mSELECT  "transactions".* FROM "transactions" ORDER BY "transactions"."id" ASC LIMIT ?[0m  [["LIMIT", 1]]
  [1m[36mTransaction Load (0.1ms)[0m  [1m[34mSELECT  "transactions".* FROM "transactions" ORDER BY "transactions"."id" ASC LIMIT ?[0m  [["LIMIT", 1]]
  [1m[36mTransaction Load (0.3ms)[0m  [1m[34mSELECT  "transactions".* FROM "transactions" ORDER BY "transactions"."id" ASC LIMIT ?[0m  [["LIMIT", 1]]
  [1m[36mTransaction Load (0.2ms)[0m  [1m[34mSELECT "transactions".* FROM "transactions" WHERE "transactions"."amount_currency" = ?[0m  [["amount_currency", "USD"]]
  [1m[36mTransaction Load (0.1ms)[0m  [1m[34mSELECT "transactions".* FROM "transactions" WHERE "transactions"."amount_currency" = ?[0m  [["amount_currency", "USD"]]
  [1m[36mUser Load (0.1ms)[0m  [1m[34mSELECT  "users".* FROM "users" ORDER BY "users"."id" ASC LIMIT ?[0m  [["LIMIT", 1]]
  [1m[35m (0.1ms)[0m  [1m[36mbegin transaction[0m
  [1m[35mSQL (0.5ms)[0m  [1m[32mINSERT INTO "transactions" ("user_id", "amount_cents", "amount_currency", "category", "created_at", "updated_at") VALUES (?, ?, ?, ?, ?, ?)[0m  [["user_id", 1], ["amount_cents", 1000], ["amount_currency", "CAD"], ["category", "deposit"], ["created_at", "2018-05-28 20:23:23.287062"], ["updated_at", "2018-05-28 20:23:23.287062"]]
  [1m[35m (1.1ms)[0m  [1m[36mcommit transaction[0m
  [1m[35m (0.1ms)[0m  [1m[36mbegin transaction[0m
  [1m[35m (0.1ms)[0m  [1m[31mrollback transaction[0m
  [1m[36mTransaction Load (0.3ms)[0m  [1m[34mSELECT "transactions".* FROM "transactions"[0m
  [1m[36mTransaction Load (0.2ms)[0m  [1m[34mSELECT "transactions".* FROM "transactions" WHERE "transactions"."amount_currency" = ?[0m  [["amount_currency", "CAD"]]
  [1m[36mTransaction Load (0.1ms)[0m  [1m[34mSELECT "transactions".* FROM "transactions" WHERE "transactions"."amount_currency" = ?[0m  [["amount_currency", "USD"]]
  [1m[35m (0.2ms)[0m  [1m[34mSELECT COUNT(*) FROM "transactions"[0m
  [1m[36mTransaction Load (0.1ms)[0m  [1m[34mSELECT "transactions".* FROM "transactions"[0m
  [1m[36mTransaction Load (0.1ms)[0m  [1m[34mSELECT "transactions".* FROM "transactions"[0m
  [1m[36mTransaction Load (0.1ms)[0m  [1m[34mSELECT "transactions".* FROM "transactions" WHERE "transactions"."amount_currency" = ?[0m  [["amount_currency", "USD"]]
  [1m[36mTransaction Load (0.2ms)[0m  [1m[34mSELECT "transactions".* FROM "transactions" WHERE "transactions"."user_id" = ?[0m  [["user_id", 1]]
  [1m[36mTransaction Load (0.1ms)[0m  [1m[34mSELECT "transactions".* FROM "transactions" WHERE "transactions"."user_id" = ?[0m  [["user_id", 1]]
  [1m[36mTransaction Load (0.2ms)[0m  [1m[34mSELECT "transactions".* FROM "transactions" WHERE "transactions"."user_id" = ? AND (created_at >= '2018-05-21 20:33:44.755562')[0m  [["user_id", 1]]
  [1m[36mTransaction Load (0.2ms)[0m  [1m[34mSELECT "transactions".* FROM "transactions" WHERE "transactions"."user_id" = ? AND (created_at >= '2018-05-27 20:33:51.322647')[0m  [["user_id", 1]]
  [1m[36mUser Load (0.1ms)[0m  [1m[34mSELECT  "users".* FROM "users" ORDER BY "users"."id" ASC LIMIT ?[0m  [["LIMIT", 1]]
  [1m[35m (0.1ms)[0m  [1m[36mbegin transaction[0m
  [1m[35mSQL (0.4ms)[0m  [1m[32mINSERT INTO "transactions" ("user_id", "amount_cents", "amount_currency", "category", "created_at", "updated_at") VALUES (?, ?, ?, ?, ?, ?)[0m  [["user_id", 1], ["amount_cents", 1000], ["amount_currency", "CAD"], ["category", "deposit"], ["created_at", "2018-05-20 20:34:37.687108"], ["updated_at", "2018-05-28 20:34:37.690329"]]
  [1m[35m (4.2ms)[0m  [1m[36mcommit transaction[0m
  [1m[36mTransaction Load (0.3ms)[0m  [1m[34mSELECT  "transactions".* FROM "transactions" WHERE "transactions"."user_id" = ? LIMIT ?[0m  [["user_id", 1], ["LIMIT", 11]]
  [1m[36mTransaction Load (0.2ms)[0m  [1m[34mSELECT "transactions".* FROM "transactions" WHERE "transactions"."user_id" = ? AND (created_at >= '2018-05-27 20:34:52.383083')[0m  [["user_id", 1]]
  [1m[36mTransaction Load (0.2ms)[0m  [1m[34mSELECT "transactions".* FROM "transactions" WHERE "transactions"."user_id" = ? AND (created_at >= '2018-05-21 20:34:58.465886')[0m  [["user_id", 1]]
  [1m[36mTransaction Load (0.3ms)[0m  [1m[34mSELECT "transactions".* FROM "transactions" WHERE "transactions"."user_id" = ?[0m  [["user_id", 1]]
  [1m[36mUser Load (0.3ms)[0m  [1m[34mSELECT  "users".* FROM "users" ORDER BY "users"."id" ASC LIMIT ?[0m  [["LIMIT", 1]]
  [1m[36mTransaction Load (0.2ms)[0m  [1m[34mSELECT "transactions".* FROM "transactions" WHERE "transactions"."user_id" = ? AND (created_at >= '2018-05-21 20:39:13.915367') AND "transactions"."amount_currency" = ? AND "transactions"."category" = ?[0m  [["user_id", 1], ["amount_currency", "USD"], ["category", "deposit"]]
  [1m[35m (0.2ms)[0m  [1m[34mSELECT COUNT(*) FROM "transactions" WHERE "transactions"."user_id" = ? AND (created_at >= '2018-05-21 20:39:24.544482') AND "transactions"."amount_currency" = ? AND "transactions"."category" = ?[0m  [["user_id", 1], ["amount_currency", "USD"], ["category", "deposit"]]
  [1m[36mTransaction Load (0.5ms)[0m  [1m[34mSELECT "transactions".* FROM "transactions" WHERE "transactions"."user_id" = ? AND (created_at >= '2018-05-21 20:39:33.040193') AND "transactions"."amount_currency" = ? AND "transactions"."category" = ?[0m  [["user_id", 1], ["amount_currency", "USD"], ["category", "deposit"]]
